{
  "Minitest": {
    "coverage": {
      "C:/Users/sudok/GitHub/zinbeijett/mini_test/mini_test_date.rb": {
        "lines": [
          null,
          null,
          1,
          null,
          null,
          1,
          1,
          1,
          null,
          null
        ]
      },
      "C:/Users/sudok/GitHub/zinbeijett/mini_test/mini_test_encode.rb": {
        "lines": [
          null,
          null,
          1,
          null,
          null,
          1,
          1,
          1,
          1,
          null,
          null
        ]
      },
      "C:/Users/sudok/GitHub/zinbeijett/mini_test/mini_test_method.rb": {
        "lines": [
          null,
          null,
          1,
          null,
          null,
          1,
          1,
          null,
          1,
          1,
          null,
          1,
          4,
          4,
          null,
          null,
          1,
          null,
          null
        ]
      },
      "C:/Users/sudok/GitHub/zinbeijett/mini_test/mini_test_search.rb": {
        "lines": [
          null,
          null,
          1,
          null,
          null,
          1,
          1,
          1,
          1,
          null,
          null
        ]
      },
      "C:/Users/sudok/GitHub/zinbeijett/mini_test/mini_test_sort.rb": {
        "lines": [
          null,
          null,
          1,
          null,
          null,
          1,
          1,
          1,
          1,
          1,
          1,
          null,
          null
        ]
      },
      "C:/Users/sudok/GitHub/zinbeijett/mini_test/mini_test_updown.rb": {
        "lines": [
          null,
          null,
          1,
          null,
          null,
          1,
          1,
          1,
          1,
          1,
          1,
          1,
          1,
          1,
          1,
          null,
          null
        ]
      },
      "C:/Users/sudok/GitHub/zinbeijett/mini_test/mini_test_version.rb": {
        "lines": [
          null,
          null,
          1,
          1,
          null,
          1,
          1,
          null,
          null,
          1,
          1,
          1,
          1,
          null,
          1,
          1,
          null,
          null
        ]
      },
      "C:/Users/sudok/GitHub/zinbeijett/lib/version.rb": {
        "lines": [
          null,
          null,
          1,
          1,
          null,
          null,
          null
        ]
      },
      "C:/Users/sudok/GitHub/zinbeijett/mini_test/test_helper.rb": {
        "lines": [
          null,
          null,
          1
        ]
      },
      "C:/Users/sudok/GitHub/zinbeijett/mini_unit/mini_unit_benchmark.rb": {
        "lines": [
          1,
          1,
          1,
          null,
          1,
          1,
          3,
          3,
          3,
          3,
          3,
          3,
          3,
          null,
          3,
          3,
          null,
          null,
          3,
          3,
          3,
          12,
          12,
          null,
          null,
          3,
          3,
          null,
          3,
          3,
          3,
          3,
          null,
          null,
          1,
          1,
          5,
          5,
          5,
          5,
          5,
          null,
          null,
          null,
          1,
          1,
          5,
          5,
          5,
          5,
          5,
          5,
          5,
          5,
          5,
          null,
          null,
          null,
          1,
          1,
          5,
          5,
          5,
          5,
          5,
          5,
          5,
          5,
          5,
          null,
          null,
          null
        ]
      },
      "C:/Users/sudok/GitHub/zinbeijett/mini_unit/mini_unit_date.rb": {
        "lines": [
          null,
          null,
          1,
          1,
          null,
          null,
          1,
          null,
          1,
          6,
          6,
          null,
          null,
          1,
          1,
          null,
          null,
          1,
          1,
          1,
          null,
          null,
          1,
          1,
          1,
          null,
          null,
          1,
          null,
          null,
          null,
          1,
          null,
          null,
          null,
          1,
          null,
          null,
          null,
          null
        ]
      },
      "C:/Users/sudok/GitHub/zinbeijett/mini_unit/mini_unit_encode.rb": {
        "lines": [
          null,
          null,
          1,
          1,
          null,
          1,
          null,
          1,
          6,
          6,
          null,
          null,
          1,
          1,
          null,
          null,
          1,
          1,
          1,
          null,
          null,
          1,
          1,
          1,
          null,
          null,
          1,
          null,
          null,
          null,
          1,
          null,
          null,
          null,
          1,
          null,
          null,
          null,
          null
        ]
      },
      "C:/Users/sudok/GitHub/zinbeijett/mini_unit/mini_unit_matcher.rb": {
        "lines": [
          null,
          null,
          1,
          1,
          null,
          1,
          1,
          4,
          4,
          4,
          null,
          4,
          4,
          null,
          null,
          null,
          1,
          1,
          null,
          null,
          1,
          null,
          null,
          null,
          null,
          1,
          null,
          null,
          null,
          1,
          null,
          null,
          null,
          1,
          null,
          null,
          null
        ]
      },
      "C:/Users/sudok/GitHub/zinbeijett/mini_unit/mini_unit_method.rb": {
        "lines": [
          null,
          null,
          1,
          1,
          null,
          1,
          null,
          1,
          null,
          6,
          6,
          null,
          6,
          24,
          24,
          null,
          null,
          6,
          6,
          null,
          null,
          1,
          1,
          null,
          null,
          1,
          1,
          1,
          null,
          null,
          1,
          1,
          1,
          null,
          null,
          1,
          null,
          null,
          null,
          1,
          null,
          null,
          null,
          1,
          null,
          null,
          null,
          null
        ]
      },
      "C:/Users/sudok/GitHub/zinbeijett/mini_unit/mini_unit_sort.rb": {
        "lines": [
          null,
          null,
          1,
          1,
          null,
          1,
          null,
          1,
          6,
          6,
          6,
          6,
          null,
          null,
          1,
          1,
          null,
          null,
          1,
          1,
          1,
          1,
          1,
          null,
          null,
          1,
          1,
          1,
          null,
          null,
          1,
          null,
          null,
          null,
          1,
          null,
          null,
          null,
          1,
          null,
          null,
          null,
          null
        ]
      },
      "C:/Users/sudok/GitHub/zinbeijett/mini_unit/mini_unit_version.rb": {
        "lines": [
          null,
          null,
          1,
          1,
          null,
          null,
          1,
          1,
          5,
          5,
          null,
          null,
          1,
          1,
          1,
          null,
          null,
          1,
          1,
          1,
          null,
          null,
          1,
          1,
          1,
          null,
          null,
          1,
          null,
          null,
          null,
          1,
          null,
          null,
          null,
          1,
          null,
          null,
          null,
          null,
          null,
          null,
          null,
          null,
          null,
          null,
          null,
          null
        ]
      }
    },
    "timestamp": 1713257383
  },
  "RSpec": {
    "coverage": {
    },
    "timestamp": 1713133470
  },
  "Unknown Test Framework": {
    "coverage": {
    },
    "timestamp": 1713160245
  },
  "Unit Tests": {
    "coverage": {
    },
    "timestamp": 1713160361
  },
  "MiniTest": {
    "coverage": {
    },
    "timestamp": 1713159786
  },
  "mini_unit": {
    "coverage": {
    },
    "timestamp": 1713160063
  }
}
